0 info it worked if it ends with ok
1 verbose cli [ 'C:\\Program Files (x86)\\nodejs\\\\node.exe',
1 verbose cli   'C:\\Program Files (x86)\\nodejs\\node_modules\\npm\\bin\\npm-cli.js',
1 verbose cli   'install',
1 verbose cli   '-g',
1 verbose cli   'choco' ]
2 info using npm@1.3.17
3 info using node@v0.10.23
4 verbose node symlink C:\Program Files (x86)\nodejs\\node.exe
5 verbose cache add [ 'choco', null ]
6 verbose cache add name=undefined spec="choco" args=["choco",null]
7 verbose parsed url { protocol: null,
7 verbose parsed url   slashes: null,
7 verbose parsed url   auth: null,
7 verbose parsed url   host: null,
7 verbose parsed url   port: null,
7 verbose parsed url   hostname: null,
7 verbose parsed url   hash: null,
7 verbose parsed url   search: null,
7 verbose parsed url   query: null,
7 verbose parsed url   pathname: 'choco',
7 verbose parsed url   path: 'choco',
7 verbose parsed url   href: 'choco' }
8 silly lockFile 910d810b-choco choco
9 verbose lock choco C:\Users\moctis\AppData\Roaming\npm-cache\910d810b-choco.lock
10 silly lockFile 910d810b-choco choco
11 silly lockFile 910d810b-choco choco
12 verbose addNamed [ 'choco', '' ]
13 verbose addNamed [ null, '*' ]
14 silly lockFile c37d6a37-choco choco@
15 verbose lock choco@ C:\Users\moctis\AppData\Roaming\npm-cache\c37d6a37-choco.lock
16 silly addNameRange { name: 'choco', range: '*', hasData: false }
17 verbose url raw choco
18 verbose url resolving [ 'https://registry.npmjs.org/', './choco' ]
19 verbose url resolved https://registry.npmjs.org/choco
20 info trying registry request attempt 1 at 14:50:47
21 http GET https://registry.npmjs.org/choco
22 http 404 https://registry.npmjs.org/choco
23 silly registry.get cb [ 404,
23 silly registry.get   { date: 'Sat, 16 Aug 2014 07:50:47 GMT',
23 silly registry.get     server: 'CouchDB/1.5.0 (Erlang OTP/R16B03)',
23 silly registry.get     'content-type': 'application/json',
23 silly registry.get     'cache-control': 'max-age=0',
23 silly registry.get     'content-length': '52',
23 silly registry.get     'accept-ranges': 'bytes',
23 silly registry.get     via: '1.1 varnish',
23 silly registry.get     age: '0',
23 silly registry.get     'x-served-by': 'cache-sjc3133-SJC',
23 silly registry.get     'x-cache': 'MISS',
23 silly registry.get     'x-cache-hits': '0',
23 silly registry.get     'x-timer': 'S1408175447.239992,VS0,VE373',
23 silly registry.get     'keep-alive': 'timeout=10, max=50',
23 silly registry.get     connection: 'Keep-Alive' } ]
24 silly lockFile c37d6a37-choco choco@
25 silly lockFile c37d6a37-choco choco@
26 error 404 'choco' is not in the npm registry.
26 error 404 You should bug the author to publish it
26 error 404
26 error 404 Note that you can also install from a
26 error 404 tarball, folder, or http url, or git url.
27 error System Windows_NT 6.1.7601
28 error command "C:\\Program Files (x86)\\nodejs\\\\node.exe" "C:\\Program Files (x86)\\nodejs\\node_modules\\npm\\bin\\npm-cli.js" "install" "-g" "choco"
29 error cwd D:\My Projects\github.com\moctis\BookTime\website
30 error node -v v0.10.23
31 error npm -v 1.3.17
32 error code E404
33 verbose exit [ 1, true ]
